The system cannot find the path specified.
AUTOSAR XML Text Transformation v2.0.2.0
    Output folder: E:\EA4NewTemplate\ES999A_ElecGlbPrm_Impl\tools\local\generate
    Descr. file:   C:\Users\rzk04c\AppData\Local\Temp\DaVinci\Cfg-7086821\Generation\Cfg_Gen-1485957164005-0\AutosarFiles_ValGen-1485957238093-0\ElecGlbPrm_ECUC_3933345786560893027.arxml
    Include file:  E:\EA4NewTemplate\ES999A_ElecGlbPrm_Impl\tools\template\..\..\..\TL105A_Artt\tools\include\Helper.tt
    Template:      E:\EA4NewTemplate\ES999A_ElecGlbPrm_Impl\tools\template\ElecGlbPrm_Cfg.h.tt
    Namespace:     http://autosar.org/schema/r4.0
    Prefix:        ar
    File:          E:/EA4NewTemplate/ES999A_ElecGlbPrm_Impl/tools/local/generate\ElecGlbPrm_Cfg.h. written.
    Duration:      00:00:01.7004109.
AUTOSAR XML Text Transformation v2.0.2.0
    Output folder: E:\EA4NewTemplate\ES999A_ElecGlbPrm_Impl\tools\local\generate
    Descr. file:   C:\Users\rzk04c\AppData\Local\Temp\DaVinci\Cfg-7086821\Generation\Cfg_Gen-1485957164005-0\AutosarFiles_ValGen-1485957922273-0\ElecGlbPrm_ECUC_8281251138222275377.arxml
    Include file:  E:\EA4NewTemplate\ES999A_ElecGlbPrm_Impl\tools\template\..\..\..\TL105A_Artt\tools\include\Helper.tt
    Template:      E:\EA4NewTemplate\ES999A_ElecGlbPrm_Impl\tools\template\ElecGlbPrm_Cfg.h.tt
    Namespace:     http://autosar.org/schema/r4.0
    Prefix:        ar
    File:          E:/EA4NewTemplate/ES999A_ElecGlbPrm_Impl/tools/local/generate\ElecGlbPrm_Cfg.h. written.
    Duration:      00:00:01.2168078.
AUTOSAR XML Text Transformation v2.0.2.0
    Output folder: E:\EA4NewTemplate\ES999A_ElecGlbPrm_Impl\tools\local\generate
    Descr. file:   C:\Users\rzk04c\AppData\Local\Temp\DaVinci\Cfg-8042119\Generation\Cfg_Gen-1485958096235-0\AutosarFiles_ValGen-1485958130234-0\ElecGlbPrm_ECUC_5162481818497207094.arxml
    Include file:  E:\EA4NewTemplate\ES999A_ElecGlbPrm_Impl\tools\template\..\..\..\TL105A_Artt\tools\include\Helper.tt
    Template:      E:\EA4NewTemplate\ES999A_ElecGlbPrm_Impl\tools\template\ElecGlbPrm_Cfg.h.tt
    Namespace:     http://autosar.org/schema/r4.0
    Prefix:        ar
    File:          E:/EA4NewTemplate/ES999A_ElecGlbPrm_Impl/tools/local/generate\ElecGlbPrm_Cfg.h. written.
    Duration:      00:00:00.9048058.
AUTOSAR XML Text Transformation v2.0.2.0
    Output folder: E:\EA4NewTemplate\ES999A_ElecGlbPrm_Impl\tools\local\generate
    Descr. file:   C:\Users\rzk04c\AppData\Local\Temp\DaVinci\Cfg-8042119\Generation\Cfg_Gen-1485958096235-0\AutosarFiles_ValGen-1485958173782-0\ElecGlbPrm_ECUC_4432199073303418740.arxml
    Include file:  E:\EA4NewTemplate\ES999A_ElecGlbPrm_Impl\tools\template\..\..\..\TL105A_Artt\tools\include\Helper.tt
    Template:      E:\EA4NewTemplate\ES999A_ElecGlbPrm_Impl\tools\template\ElecGlbPrm_Cfg.h.tt
    Namespace:     http://autosar.org/schema/r4.0
    Prefix:        ar
    File:          E:/EA4NewTemplate/ES999A_ElecGlbPrm_Impl/tools/local/generate\ElecGlbPrm_Cfg.h. written.
    Duration:      00:00:00.9360060.
AUTOSAR XML Text Transformation v2.0.2.0
    Output folder: E:\EA4NewTemplate\ES999A_ElecGlbPrm_Impl\tools\local\generate
    Descr. file:   C:\Users\rzk04c\AppData\Local\Temp\DaVinci\Cfg-8042119\Generation\Cfg_Gen-1485958096235-0\AutosarFiles_ValGen-1485958191906-0\ElecGlbPrm_ECUC_2126460582202865188.arxml
    Include file:  E:\EA4NewTemplate\ES999A_ElecGlbPrm_Impl\tools\template\..\..\..\TL105A_Artt\tools\include\Helper.tt
    Template:      E:\EA4NewTemplate\ES999A_ElecGlbPrm_Impl\tools\template\ElecGlbPrm_Cfg.h.tt
    Namespace:     http://autosar.org/schema/r4.0
    Prefix:        ar
    File:          E:/EA4NewTemplate/ES999A_ElecGlbPrm_Impl/tools/local/generate\ElecGlbPrm_Cfg.h. written.
    Duration:      00:00:00.9984064.
AUTOSAR XML Text Transformation v2.0.2.0
    Output folder: E:\EA4NewTemplate\ES999A_ElecGlbPrm_Impl\tools\local\generate
    Descr. file:   C:\Users\rzk04c\AppData\Local\Temp\DaVinci\Cfg-8042119\Generation\Cfg_Gen-1485958295915-0\AutosarFiles_ValGen-1485958327008-0\ElecGlbPrm_ECUC_6995824987383406021.arxml
    Include file:  E:\EA4NewTemplate\ES999A_ElecGlbPrm_Impl\tools\template\..\..\..\TL105A_Artt\tools\include\Helper.tt
    Template:      E:\EA4NewTemplate\ES999A_ElecGlbPrm_Impl\tools\template\ElecGlbPrm_Cfg.h.tt
    Namespace:     http://autosar.org/schema/r4.0
    Prefix:        ar
    File:          E:/EA4NewTemplate/ES999A_ElecGlbPrm_Impl/tools/local/generate\ElecGlbPrm_Cfg.h. written.
    Duration:      00:00:01.5288098.
AUTOSAR XML Text Transformation v2.0.2.0
    Output folder: E:\EA4NewTemplate\ES999A_ElecGlbPrm_Impl\tools\local\generate
    Descr. file:   C:\Users\rzk04c\AppData\Local\Temp\DaVinci\Cfg-4477607\Generation\Cfg_Gen-1485964485239-0\AutosarFiles_ValGen-1485965007403-0\ElecGlbPrm_ECUC_5446096913466142554.arxml
    Include file:  E:\EA4NewTemplate\ES999A_ElecGlbPrm_Impl\tools\template\..\..\..\TL105A_Artt\tools\include\Helper.tt
    Template:      E:\EA4NewTemplate\ES999A_ElecGlbPrm_Impl\tools\template\ElecGlbPrm_Cfg.h.tt
    Namespace:     http://autosar.org/schema/r4.0
    Prefix:        ar
    File:          E:/EA4NewTemplate/ES999A_ElecGlbPrm_Impl/tools/local/generate\ElecGlbPrm_Cfg.h. written.
    Duration:      00:00:00.7176046.
