###########################################################################
# AUTOSAR Renesas R3.2 and R4.0 DIO Driver Generation Tool for X1x - 1.0.16                     
# Run time      = [19 Jan 2017 - 10:08:34]
#  Command line arguments = Dio_X1x.exe -L -O
#    C:\_synergy\G2KCAT3_CZ8L9T\GM_G2KCA_EPS_RH850\generate\Dio
#    C:\Users\cz8l9t\AppData\Local\Temp\Cfg_Gen-1484837221603-8\AutosarFiles_ValGen-1484838501299-0\Dio_ECUC_4501856353292358394.arxml
#    R403_DIO_P1x_BSWMDT.arxml P1M.trxml Dio_X1x.cfgxml
#
# Copyright(c) 2012-2015 Renesas Electronics Corporation.
# All rights reserved
###########################################################################


INF000001: Tool Version: 1.0.16
INF000002: Command line arguments: Dio_X1x.exe -L -O
           C:\_synergy\G2KCAT3_CZ8L9T\GM_G2KCA_EPS_RH850\generate\Dio
           C:\Users\cz8l9t\AppData\Local\Temp\Cfg_Gen-1484837221603-8\AutosarFiles_ValGen-1484838501299-0\Dio_ECUC_4501856353292358394.arxml
           R403_DIO_P1x_BSWMDT.arxml P1M.trxml Dio_X1x.cfgxml
INF000004: Opened file
           <C:\_synergy\G2KCAT3_CZ8L9T\GM_G2KCA_EPS_RH850\generate\Dio\src\Dio_PBcfg.c>
           at [19 Jan 2017 - 10:08:45].
INF000004: Opened file
           <C:\_synergy\G2KCAT3_CZ8L9T\GM_G2KCA_EPS_RH850\generate\Dio\include\Dio_Cfg.h>
           at [19 Jan 2017 - 10:08:45].
INF000005: <0> Error(s) and <0> Warning(s) detected.
INF000006: Execution completed successfully.
