###########################################################################
# AUTOSAR Renesas R3.2 and R4.0 FLS Driver Generation Tool for X1x - 1.3.6                     
# Run time      = [ 1 Dec 2016 - 11:36:43]
#  Command line arguments = Fls_X1x.exe -L -O
#    C:\_synergy\G2KCAT3_CZ8L9T\GM_G2KCA_EPS_RH850\generate\Fls
#    C:\Users\cz8l9t\AppData\Local\Temp\Cfg_Gen-1480610144188-4\AutosarFiles_ValGen-1480610185402-0\Fls_ECUC_365585860533728926.arxml
#    R403_FLS_P1x_BSWMDT.arxml P1M.trxml Fls_X1x.cfgxml
#
# Copyright(c) 2012-2014 Renesas Electronics Corporation
# All rights reserved
###########################################################################


INF000001: Tool Version: 1.3.6
INF000002: Command line arguments: Fls_X1x.exe -L -O
           C:\_synergy\G2KCAT3_CZ8L9T\GM_G2KCA_EPS_RH850\generate\Fls
           C:\Users\cz8l9t\AppData\Local\Temp\Cfg_Gen-1480610144188-4\AutosarFiles_ValGen-1480610185402-0\Fls_ECUC_365585860533728926.arxml
           R403_FLS_P1x_BSWMDT.arxml P1M.trxml Fls_X1x.cfgxml
INF092001: The parameter 'FlsJobEndNotification' in the container
           'FlsConfigSet'is not configured.
           File Name:
           C:\Users\cz8l9t\AppData\Local\Temp\Cfg_Gen-1480610144188-4\AutosarFiles_ValGen-1480610185402-0\Fls_ECUC_365585860533728926.arxml
           Path: /ActiveEcuC/Fls/FlsConfigSet
INF092001: The parameter 'FlsJobErrorNotification' in the container
           'FlsConfigSet'is not configured.
           File Name:
           C:\Users\cz8l9t\AppData\Local\Temp\Cfg_Gen-1480610144188-4\AutosarFiles_ValGen-1480610185402-0\Fls_ECUC_365585860533728926.arxml
           Path: /ActiveEcuC/Fls/FlsConfigSet
INF092001: The parameter 'FlsEccSedNotification' in the container
           'FlsDataFlash'is not configured.
           File Name:
           C:\Users\cz8l9t\AppData\Local\Temp\Cfg_Gen-1480610144188-4\AutosarFiles_ValGen-1480610185402-0\Fls_ECUC_365585860533728926.arxml
           Path: /ActiveEcuC/Fls/FlsGeneral/FlsDataFlash
INF092001: The parameter 'FlsEccDedNotification' in the container
           'FlsDataFlash'is not configured.
           File Name:
           C:\Users\cz8l9t\AppData\Local\Temp\Cfg_Gen-1480610144188-4\AutosarFiles_ValGen-1480610185402-0\Fls_ECUC_365585860533728926.arxml
           Path: /ActiveEcuC/Fls/FlsGeneral/FlsDataFlash
INF000004: Opened file
           <C:\_synergy\G2KCAT3_CZ8L9T\GM_G2KCA_EPS_RH850\generate\Fls\include\Fls_Cfg.h>
           at [ 1 Dec 2016 - 11:36:58].
INF000004: Opened file
           <C:\_synergy\G2KCAT3_CZ8L9T\GM_G2KCA_EPS_RH850\generate\Fls\include\Fls_Cbk.h>
           at [ 1 Dec 2016 - 11:36:58].
INF000004: Opened file
           <C:\_synergy\G2KCAT3_CZ8L9T\GM_G2KCA_EPS_RH850\generate\Fls\src\Fls_PBcfg.c>
           at [ 1 Dec 2016 - 11:36:58].
INF000004: Opened file
           <C:\_synergy\G2KCAT3_CZ8L9T\GM_G2KCA_EPS_RH850\generate\Fls\include\fdl_descriptor.h>
           at [ 1 Dec 2016 - 11:36:58].
INF000005: <0> Error(s) and <0> Warning(s) detected.
INF000006: Execution completed successfully.
